2024-04-19T09:51:39+00:00 CRITICAL Uncaught Error: Call to undefined function elementor_theme_do_location() in C:\OSPanel\domains\polytechnew\wp-content\themes\unicamp\template-parts\footer\simple.php:8
Stack trace:
#0 C:\OSPanel\domains\polytechnew\wp-includes\template.php(792): require()
#1 C:\OSPanel\domains\polytechnew\wp-includes\template.php(725): load_template()
#2 C:\OSPanel\domains\polytechnew\wp-includes\general-template.php(206): locate_template()
#3 C:\OSPanel\domains\polytechnew\wp-content\themes\unicamp\framework\class-functions.php(73): get_template_part()
#4 C:\OSPanel\domains\polytechnew\wp-content\themes\unicamp\template-parts\footer\entry.php(13): unicamp_load_template()
#5 C:\OSPanel\domains\polytechnew\wp-includes\template.php(792): require('C:\\OSPanel\\doma...')
#6 C:\OSPanel\domains\polytechnew\wp-includes\template.php(725): load_template()
#7 C:\OSPanel\domains\polytechnew\wp-includes\general-template.php(206): locate_template()
#8 C:\OSPanel\domains\polytechnew\wp-content\themes\unicamp\framework\class-functions.php(7 in C:\OSPanel\domains\polytechnew\wp-content\themes\unicamp\template-parts\footer\simple.php on line 8

2024-04-19T09:52:03+00:00 CRITICAL Uncaught Error: Call to undefined function elementor_theme_do_location() in C:\OSPanel\domains\polytechnew\wp-content\themes\unicamp\template-parts\footer\simple.php:8
Stack trace:
#0 C:\OSPanel\domains\polytechnew\wp-includes\template.php(792): require()
#1 C:\OSPanel\domains\polytechnew\wp-includes\template.php(725): load_template()
#2 C:\OSPanel\domains\polytechnew\wp-includes\general-template.php(206): locate_template()
#3 C:\OSPanel\domains\polytechnew\wp-content\themes\unicamp\framework\class-functions.php(73): get_template_part()
#4 C:\OSPanel\domains\polytechnew\wp-content\themes\unicamp\template-parts\footer\entry.php(13): unicamp_load_template()
#5 C:\OSPanel\domains\polytechnew\wp-includes\template.php(792): require('C:\\OSPanel\\doma...')
#6 C:\OSPanel\domains\polytechnew\wp-includes\template.php(725): load_template()
#7 C:\OSPanel\domains\polytechnew\wp-includes\general-template.php(206): locate_template()
#8 C:\OSPanel\domains\polytechnew\wp-content\themes\unicamp\framework\class-functions.php(7 in C:\OSPanel\domains\polytechnew\wp-content\themes\unicamp\template-parts\footer\simple.php on line 8

2024-04-19T09:52:50+00:00 CRITICAL Uncaught Error: Call to undefined function elementor_theme_do_location() in C:\OSPanel\domains\polytechnew\wp-content\themes\unicamp\template-parts\footer\simple.php:6
Stack trace:
#0 C:\OSPanel\domains\polytechnew\wp-includes\template.php(792): require()
#1 C:\OSPanel\domains\polytechnew\wp-includes\template.php(725): load_template()
#2 C:\OSPanel\domains\polytechnew\wp-includes\general-template.php(206): locate_template()
#3 C:\OSPanel\domains\polytechnew\wp-content\themes\unicamp\framework\class-functions.php(73): get_template_part()
#4 C:\OSPanel\domains\polytechnew\wp-content\themes\unicamp\template-parts\footer\entry.php(13): unicamp_load_template()
#5 C:\OSPanel\domains\polytechnew\wp-includes\template.php(792): require('C:\\OSPanel\\doma...')
#6 C:\OSPanel\domains\polytechnew\wp-includes\template.php(725): load_template()
#7 C:\OSPanel\domains\polytechnew\wp-includes\general-template.php(206): locate_template()
#8 C:\OSPanel\domains\polytechnew\wp-content\themes\unicamp\framework\class-functions.php(7 in C:\OSPanel\domains\polytechnew\wp-content\themes\unicamp\template-parts\footer\simple.php on line 6

2024-04-19T09:53:10+00:00 CRITICAL Uncaught Error: Call to undefined function elementor_theme_do_location() in C:\OSPanel\domains\polytechnew\wp-content\themes\unicamp\template-parts\footer\simple.php:6
Stack trace:
#0 C:\OSPanel\domains\polytechnew\wp-includes\template.php(792): require()
#1 C:\OSPanel\domains\polytechnew\wp-includes\template.php(725): load_template()
#2 C:\OSPanel\domains\polytechnew\wp-includes\general-template.php(206): locate_template()
#3 C:\OSPanel\domains\polytechnew\wp-content\themes\unicamp\framework\class-functions.php(73): get_template_part()
#4 C:\OSPanel\domains\polytechnew\wp-content\themes\unicamp\template-parts\footer\entry.php(13): unicamp_load_template()
#5 C:\OSPanel\domains\polytechnew\wp-includes\template.php(792): require('C:\\OSPanel\\doma...')
#6 C:\OSPanel\domains\polytechnew\wp-includes\template.php(725): load_template()
#7 C:\OSPanel\domains\polytechnew\wp-includes\general-template.php(206): locate_template()
#8 C:\OSPanel\domains\polytechnew\wp-content\themes\unicamp\framework\class-functions.php(7 in C:\OSPanel\domains\polytechnew\wp-content\themes\unicamp\template-parts\footer\simple.php on line 6

2024-04-19T09:53:55+00:00 CRITICAL Uncaught Error: Call to undefined function elementor_theme_do_location() in C:\OSPanel\domains\polytechnew\wp-content\themes\unicamp\template-parts\footer\simple.php:8
Stack trace:
#0 C:\OSPanel\domains\polytechnew\wp-includes\template.php(792): require()
#1 C:\OSPanel\domains\polytechnew\wp-includes\template.php(725): load_template()
#2 C:\OSPanel\domains\polytechnew\wp-includes\general-template.php(206): locate_template()
#3 C:\OSPanel\domains\polytechnew\wp-content\themes\unicamp\framework\class-functions.php(73): get_template_part()
#4 C:\OSPanel\domains\polytechnew\wp-content\themes\unicamp\template-parts\footer\entry.php(13): unicamp_load_template()
#5 C:\OSPanel\domains\polytechnew\wp-includes\template.php(792): require('C:\\OSPanel\\doma...')
#6 C:\OSPanel\domains\polytechnew\wp-includes\template.php(725): load_template()
#7 C:\OSPanel\domains\polytechnew\wp-includes\general-template.php(206): locate_template()
#8 C:\OSPanel\domains\polytechnew\wp-content\themes\unicamp\framework\class-functions.php(7 in C:\OSPanel\domains\polytechnew\wp-content\themes\unicamp\template-parts\footer\simple.php on line 8

2024-04-19T09:54:42+00:00 CRITICAL Uncaught Error: Call to undefined function elementor_theme_do_location() in C:\OSPanel\domains\polytechnew\wp-content\themes\unicamp\template-parts\footer\simple.php:2
Stack trace:
#0 C:\OSPanel\domains\polytechnew\wp-includes\template.php(792): require()
#1 C:\OSPanel\domains\polytechnew\wp-includes\template.php(725): load_template()
#2 C:\OSPanel\domains\polytechnew\wp-includes\general-template.php(206): locate_template()
#3 C:\OSPanel\domains\polytechnew\wp-content\themes\unicamp\framework\class-functions.php(73): get_template_part()
#4 C:\OSPanel\domains\polytechnew\wp-content\themes\unicamp\template-parts\footer\entry.php(13): unicamp_load_template()
#5 C:\OSPanel\domains\polytechnew\wp-includes\template.php(792): require('C:\\OSPanel\\doma...')
#6 C:\OSPanel\domains\polytechnew\wp-includes\template.php(725): load_template()
#7 C:\OSPanel\domains\polytechnew\wp-includes\general-template.php(206): locate_template()
#8 C:\OSPanel\domains\polytechnew\wp-content\themes\unicamp\framework\class-functions.php(7 in C:\OSPanel\domains\polytechnew\wp-content\themes\unicamp\template-parts\footer\simple.php on line 2

2024-04-19T09:59:09+00:00 CRITICAL Uncaught Error: Call to undefined function elementor_theme_do_location() in C:\OSPanel\domains\polytechnew\wp-content\themes\unicamp\template-parts\footer\elementor.php:2
Stack trace:
#0 C:\OSPanel\domains\polytechnew\wp-includes\template.php(792): require()
#1 C:\OSPanel\domains\polytechnew\wp-includes\template.php(725): load_template()
#2 C:\OSPanel\domains\polytechnew\wp-includes\general-template.php(206): locate_template()
#3 C:\OSPanel\domains\polytechnew\wp-content\themes\unicamp\framework\class-functions.php(73): get_template_part()
#4 C:\OSPanel\domains\polytechnew\wp-content\themes\unicamp\template-parts\footer\entry.php(13): unicamp_load_template()
#5 C:\OSPanel\domains\polytechnew\wp-includes\template.php(792): require('C:\\OSPanel\\doma...')
#6 C:\OSPanel\domains\polytechnew\wp-includes\template.php(725): load_template()
#7 C:\OSPanel\domains\polytechnew\wp-includes\general-template.php(206): locate_template()
#8 C:\OSPanel\domains\polytechnew\wp-content\themes\unicamp\framework\class-functions.ph in C:\OSPanel\domains\polytechnew\wp-content\themes\unicamp\template-parts\footer\elementor.php on line 2

