2024-01-09T09:00:14+00:00 CRITICAL Uncaught Error: Unsupported operand types in C:\OSPanel\domains\polytechnew\wp-content\themes\unicamp\elementor\widgets\original\form.php:72
Stack trace:
#0 C:\OSPanel\domains\polytechnew\wp-includes\class-wp-hook.php(326): Unicamp_Elementor\Modify_Widget_Form->section_form_fields()
#1 C:\OSPanel\domains\polytechnew\wp-includes\class-wp-hook.php(348): WP_Hook->apply_filters()
#2 C:\OSPanel\domains\polytechnew\wp-includes\plugin.php(517): WP_Hook->do_action()
#3 C:\OSPanel\domains\polytechnew\wp-content\plugins\elementor\includes\base\controls-stack.php(1662): do_action()
#4 C:\OSPanel\domains\polytechnew\wp-content\plugins\elementor-pro\modules\forms\widgets\form.php(578): Elementor\Controls_Stack->end_controls_section()
#5 C:\OSPanel\domains\polytechnew\wp-content\plugins\elementor\includes\base\controls-stack.php(2358): ElementorPro\Modules\Forms\Widgets\Form->register_controls()
#6 C:\OSPanel\domains\polytechnew\wp-content\plugins\elementor\includes\base\widget-base.php(1044): Elementor\Controls_Stack->ini in C:\OSPanel\domains\polytechnew\wp-content\themes\unicamp\elementor\widgets\original\form.php on line 72

2024-01-09T09:00:17+00:00 CRITICAL Uncaught Error: Unsupported operand types in C:\OSPanel\domains\polytechnew\wp-content\themes\unicamp\elementor\widgets\original\form.php:72
Stack trace:
#0 C:\OSPanel\domains\polytechnew\wp-includes\class-wp-hook.php(326): Unicamp_Elementor\Modify_Widget_Form->section_form_fields()
#1 C:\OSPanel\domains\polytechnew\wp-includes\class-wp-hook.php(348): WP_Hook->apply_filters()
#2 C:\OSPanel\domains\polytechnew\wp-includes\plugin.php(517): WP_Hook->do_action()
#3 C:\OSPanel\domains\polytechnew\wp-content\plugins\elementor\includes\base\controls-stack.php(1662): do_action()
#4 C:\OSPanel\domains\polytechnew\wp-content\plugins\elementor-pro\modules\forms\widgets\form.php(578): Elementor\Controls_Stack->end_controls_section()
#5 C:\OSPanel\domains\polytechnew\wp-content\plugins\elementor\includes\base\controls-stack.php(2358): ElementorPro\Modules\Forms\Widgets\Form->register_controls()
#6 C:\OSPanel\domains\polytechnew\wp-content\plugins\elementor\includes\base\widget-base.php(1044): Elementor\Controls_Stack->ini in C:\OSPanel\domains\polytechnew\wp-content\themes\unicamp\elementor\widgets\original\form.php on line 72

2024-01-09T09:00:19+00:00 CRITICAL Uncaught Error: Unsupported operand types in C:\OSPanel\domains\polytechnew\wp-content\themes\unicamp\elementor\widgets\original\form.php:72
Stack trace:
#0 C:\OSPanel\domains\polytechnew\wp-includes\class-wp-hook.php(326): Unicamp_Elementor\Modify_Widget_Form->section_form_fields()
#1 C:\OSPanel\domains\polytechnew\wp-includes\class-wp-hook.php(348): WP_Hook->apply_filters()
#2 C:\OSPanel\domains\polytechnew\wp-includes\plugin.php(517): WP_Hook->do_action()
#3 C:\OSPanel\domains\polytechnew\wp-content\plugins\elementor\includes\base\controls-stack.php(1662): do_action()
#4 C:\OSPanel\domains\polytechnew\wp-content\plugins\elementor-pro\modules\forms\widgets\form.php(578): Elementor\Controls_Stack->end_controls_section()
#5 C:\OSPanel\domains\polytechnew\wp-content\plugins\elementor\includes\base\controls-stack.php(2358): ElementorPro\Modules\Forms\Widgets\Form->register_controls()
#6 C:\OSPanel\domains\polytechnew\wp-content\plugins\elementor\includes\base\widget-base.php(1044): Elementor\Controls_Stack->ini in C:\OSPanel\domains\polytechnew\wp-content\themes\unicamp\elementor\widgets\original\form.php on line 72

2024-01-09T09:13:34+00:00 CRITICAL Uncaught Error: Unsupported operand types in C:\OSPanel\domains\polytechnew\wp-content\themes\unicamp\elementor\widgets\original\form.php:72
Stack trace:
#0 C:\OSPanel\domains\polytechnew\wp-includes\class-wp-hook.php(326): Unicamp_Elementor\Modify_Widget_Form->section_form_fields()
#1 C:\OSPanel\domains\polytechnew\wp-includes\class-wp-hook.php(348): WP_Hook->apply_filters()
#2 C:\OSPanel\domains\polytechnew\wp-includes\plugin.php(517): WP_Hook->do_action()
#3 C:\OSPanel\domains\polytechnew\wp-content\plugins\elementor\includes\base\controls-stack.php(1662): do_action()
#4 C:\OSPanel\domains\polytechnew\wp-content\plugins\elementor-pro\modules\forms\widgets\form.php(578): Elementor\Controls_Stack->end_controls_section()
#5 C:\OSPanel\domains\polytechnew\wp-content\plugins\elementor\includes\base\controls-stack.php(2358): ElementorPro\Modules\Forms\Widgets\Form->register_controls()
#6 C:\OSPanel\domains\polytechnew\wp-content\plugins\elementor\includes\base\widget-base.php(1044): Elementor\Controls_Stack->ini in C:\OSPanel\domains\polytechnew\wp-content\themes\unicamp\elementor\widgets\original\form.php on line 72

2024-01-09T09:13:36+00:00 CRITICAL Uncaught Error: Unsupported operand types in C:\OSPanel\domains\polytechnew\wp-content\themes\unicamp\elementor\widgets\original\form.php:72
Stack trace:
#0 C:\OSPanel\domains\polytechnew\wp-includes\class-wp-hook.php(326): Unicamp_Elementor\Modify_Widget_Form->section_form_fields()
#1 C:\OSPanel\domains\polytechnew\wp-includes\class-wp-hook.php(348): WP_Hook->apply_filters()
#2 C:\OSPanel\domains\polytechnew\wp-includes\plugin.php(517): WP_Hook->do_action()
#3 C:\OSPanel\domains\polytechnew\wp-content\plugins\elementor\includes\base\controls-stack.php(1662): do_action()
#4 C:\OSPanel\domains\polytechnew\wp-content\plugins\elementor-pro\modules\forms\widgets\form.php(578): Elementor\Controls_Stack->end_controls_section()
#5 C:\OSPanel\domains\polytechnew\wp-content\plugins\elementor\includes\base\controls-stack.php(2358): ElementorPro\Modules\Forms\Widgets\Form->register_controls()
#6 C:\OSPanel\domains\polytechnew\wp-content\plugins\elementor\includes\base\widget-base.php(1044): Elementor\Controls_Stack->ini in C:\OSPanel\domains\polytechnew\wp-content\themes\unicamp\elementor\widgets\original\form.php on line 72

2024-01-09T09:13:38+00:00 CRITICAL Uncaught Error: Unsupported operand types in C:\OSPanel\domains\polytechnew\wp-content\themes\unicamp\elementor\widgets\original\form.php:72
Stack trace:
#0 C:\OSPanel\domains\polytechnew\wp-includes\class-wp-hook.php(326): Unicamp_Elementor\Modify_Widget_Form->section_form_fields()
#1 C:\OSPanel\domains\polytechnew\wp-includes\class-wp-hook.php(348): WP_Hook->apply_filters()
#2 C:\OSPanel\domains\polytechnew\wp-includes\plugin.php(517): WP_Hook->do_action()
#3 C:\OSPanel\domains\polytechnew\wp-content\plugins\elementor\includes\base\controls-stack.php(1662): do_action()
#4 C:\OSPanel\domains\polytechnew\wp-content\plugins\elementor-pro\modules\forms\widgets\form.php(578): Elementor\Controls_Stack->end_controls_section()
#5 C:\OSPanel\domains\polytechnew\wp-content\plugins\elementor\includes\base\controls-stack.php(2358): ElementorPro\Modules\Forms\Widgets\Form->register_controls()
#6 C:\OSPanel\domains\polytechnew\wp-content\plugins\elementor\includes\base\widget-base.php(1044): Elementor\Controls_Stack->ini in C:\OSPanel\domains\polytechnew\wp-content\themes\unicamp\elementor\widgets\original\form.php on line 72

2024-01-09T09:13:45+00:00 CRITICAL Uncaught Error: Unsupported operand types in C:\OSPanel\domains\polytechnew\wp-content\themes\unicamp\elementor\widgets\original\form.php:72
Stack trace:
#0 C:\OSPanel\domains\polytechnew\wp-includes\class-wp-hook.php(326): Unicamp_Elementor\Modify_Widget_Form->section_form_fields()
#1 C:\OSPanel\domains\polytechnew\wp-includes\class-wp-hook.php(348): WP_Hook->apply_filters()
#2 C:\OSPanel\domains\polytechnew\wp-includes\plugin.php(517): WP_Hook->do_action()
#3 C:\OSPanel\domains\polytechnew\wp-content\plugins\elementor\includes\base\controls-stack.php(1662): do_action()
#4 C:\OSPanel\domains\polytechnew\wp-content\plugins\elementor-pro\modules\forms\widgets\form.php(578): Elementor\Controls_Stack->end_controls_section()
#5 C:\OSPanel\domains\polytechnew\wp-content\plugins\elementor\includes\base\controls-stack.php(2358): ElementorPro\Modules\Forms\Widgets\Form->register_controls()
#6 C:\OSPanel\domains\polytechnew\wp-content\plugins\elementor\includes\base\widget-base.php(1044): Elementor\Controls_Stack->ini in C:\OSPanel\domains\polytechnew\wp-content\themes\unicamp\elementor\widgets\original\form.php on line 72

2024-01-09T09:14:01+00:00 CRITICAL Uncaught Error: Unsupported operand types in C:\OSPanel\domains\polytechnew\wp-content\themes\unicamp\elementor\widgets\original\form.php:72
Stack trace:
#0 C:\OSPanel\domains\polytechnew\wp-includes\class-wp-hook.php(326): Unicamp_Elementor\Modify_Widget_Form->section_form_fields()
#1 C:\OSPanel\domains\polytechnew\wp-includes\class-wp-hook.php(348): WP_Hook->apply_filters()
#2 C:\OSPanel\domains\polytechnew\wp-includes\plugin.php(517): WP_Hook->do_action()
#3 C:\OSPanel\domains\polytechnew\wp-content\plugins\elementor\includes\base\controls-stack.php(1662): do_action()
#4 C:\OSPanel\domains\polytechnew\wp-content\plugins\elementor-pro\modules\forms\widgets\form.php(578): Elementor\Controls_Stack->end_controls_section()
#5 C:\OSPanel\domains\polytechnew\wp-content\plugins\elementor\includes\base\controls-stack.php(2358): ElementorPro\Modules\Forms\Widgets\Form->register_controls()
#6 C:\OSPanel\domains\polytechnew\wp-content\plugins\elementor\includes\base\widget-base.php(1044): Elementor\Controls_Stack->ini in C:\OSPanel\domains\polytechnew\wp-content\themes\unicamp\elementor\widgets\original\form.php on line 72

2024-01-09T09:14:03+00:00 CRITICAL Uncaught Error: Unsupported operand types in C:\OSPanel\domains\polytechnew\wp-content\themes\unicamp\elementor\widgets\original\form.php:72
Stack trace:
#0 C:\OSPanel\domains\polytechnew\wp-includes\class-wp-hook.php(326): Unicamp_Elementor\Modify_Widget_Form->section_form_fields()
#1 C:\OSPanel\domains\polytechnew\wp-includes\class-wp-hook.php(348): WP_Hook->apply_filters()
#2 C:\OSPanel\domains\polytechnew\wp-includes\plugin.php(517): WP_Hook->do_action()
#3 C:\OSPanel\domains\polytechnew\wp-content\plugins\elementor\includes\base\controls-stack.php(1662): do_action()
#4 C:\OSPanel\domains\polytechnew\wp-content\plugins\elementor-pro\modules\forms\widgets\form.php(578): Elementor\Controls_Stack->end_controls_section()
#5 C:\OSPanel\domains\polytechnew\wp-content\plugins\elementor\includes\base\controls-stack.php(2358): ElementorPro\Modules\Forms\Widgets\Form->register_controls()
#6 C:\OSPanel\domains\polytechnew\wp-content\plugins\elementor\includes\base\widget-base.php(1044): Elementor\Controls_Stack->ini in C:\OSPanel\domains\polytechnew\wp-content\themes\unicamp\elementor\widgets\original\form.php on line 72

2024-01-09T09:14:06+00:00 CRITICAL Uncaught Error: Unsupported operand types in C:\OSPanel\domains\polytechnew\wp-content\themes\unicamp\elementor\widgets\original\form.php:72
Stack trace:
#0 C:\OSPanel\domains\polytechnew\wp-includes\class-wp-hook.php(326): Unicamp_Elementor\Modify_Widget_Form->section_form_fields()
#1 C:\OSPanel\domains\polytechnew\wp-includes\class-wp-hook.php(348): WP_Hook->apply_filters()
#2 C:\OSPanel\domains\polytechnew\wp-includes\plugin.php(517): WP_Hook->do_action()
#3 C:\OSPanel\domains\polytechnew\wp-content\plugins\elementor\includes\base\controls-stack.php(1662): do_action()
#4 C:\OSPanel\domains\polytechnew\wp-content\plugins\elementor-pro\modules\forms\widgets\form.php(578): Elementor\Controls_Stack->end_controls_section()
#5 C:\OSPanel\domains\polytechnew\wp-content\plugins\elementor\includes\base\controls-stack.php(2358): ElementorPro\Modules\Forms\Widgets\Form->register_controls()
#6 C:\OSPanel\domains\polytechnew\wp-content\plugins\elementor\includes\base\widget-base.php(1044): Elementor\Controls_Stack->ini in C:\OSPanel\domains\polytechnew\wp-content\themes\unicamp\elementor\widgets\original\form.php on line 72

2024-01-09T09:14:11+00:00 CRITICAL Uncaught Error: Unsupported operand types in C:\OSPanel\domains\polytechnew\wp-content\themes\unicamp\elementor\widgets\original\form.php:72
Stack trace:
#0 C:\OSPanel\domains\polytechnew\wp-includes\class-wp-hook.php(326): Unicamp_Elementor\Modify_Widget_Form->section_form_fields()
#1 C:\OSPanel\domains\polytechnew\wp-includes\class-wp-hook.php(348): WP_Hook->apply_filters()
#2 C:\OSPanel\domains\polytechnew\wp-includes\plugin.php(517): WP_Hook->do_action()
#3 C:\OSPanel\domains\polytechnew\wp-content\plugins\elementor\includes\base\controls-stack.php(1662): do_action()
#4 C:\OSPanel\domains\polytechnew\wp-content\plugins\elementor-pro\modules\forms\widgets\form.php(578): Elementor\Controls_Stack->end_controls_section()
#5 C:\OSPanel\domains\polytechnew\wp-content\plugins\elementor\includes\base\controls-stack.php(2358): ElementorPro\Modules\Forms\Widgets\Form->register_controls()
#6 C:\OSPanel\domains\polytechnew\wp-content\plugins\elementor\includes\base\widget-base.php(1044): Elementor\Controls_Stack->ini in C:\OSPanel\domains\polytechnew\wp-content\themes\unicamp\elementor\widgets\original\form.php on line 72

2024-01-09T09:14:56+00:00 CRITICAL Uncaught Error: Unsupported operand types in C:\OSPanel\domains\polytechnew\wp-content\themes\unicamp\elementor\widgets\original\form.php:72
Stack trace:
#0 C:\OSPanel\domains\polytechnew\wp-includes\class-wp-hook.php(326): Unicamp_Elementor\Modify_Widget_Form->section_form_fields()
#1 C:\OSPanel\domains\polytechnew\wp-includes\class-wp-hook.php(348): WP_Hook->apply_filters()
#2 C:\OSPanel\domains\polytechnew\wp-includes\plugin.php(517): WP_Hook->do_action()
#3 C:\OSPanel\domains\polytechnew\wp-content\plugins\elementor\includes\base\controls-stack.php(1662): do_action()
#4 C:\OSPanel\domains\polytechnew\wp-content\plugins\elementor-pro\modules\forms\widgets\form.php(578): Elementor\Controls_Stack->end_controls_section()
#5 C:\OSPanel\domains\polytechnew\wp-content\plugins\elementor\includes\base\controls-stack.php(2358): ElementorPro\Modules\Forms\Widgets\Form->register_controls()
#6 C:\OSPanel\domains\polytechnew\wp-content\plugins\elementor\includes\base\widget-base.php(1044): Elementor\Controls_Stack->ini in C:\OSPanel\domains\polytechnew\wp-content\themes\unicamp\elementor\widgets\original\form.php on line 72

2024-01-09T09:14:56+00:00 CRITICAL Uncaught Error: Unsupported operand types in C:\OSPanel\domains\polytechnew\wp-content\themes\unicamp\elementor\widgets\original\form.php:72
Stack trace:
#0 C:\OSPanel\domains\polytechnew\wp-includes\class-wp-hook.php(326): Unicamp_Elementor\Modify_Widget_Form->section_form_fields()
#1 C:\OSPanel\domains\polytechnew\wp-includes\class-wp-hook.php(348): WP_Hook->apply_filters()
#2 C:\OSPanel\domains\polytechnew\wp-includes\plugin.php(517): WP_Hook->do_action()
#3 C:\OSPanel\domains\polytechnew\wp-content\plugins\elementor\includes\base\controls-stack.php(1662): do_action()
#4 C:\OSPanel\domains\polytechnew\wp-content\plugins\elementor-pro\modules\forms\widgets\form.php(578): Elementor\Controls_Stack->end_controls_section()
#5 C:\OSPanel\domains\polytechnew\wp-content\plugins\elementor\includes\base\controls-stack.php(2358): ElementorPro\Modules\Forms\Widgets\Form->register_controls()
#6 C:\OSPanel\domains\polytechnew\wp-content\plugins\elementor\includes\base\widget-base.php(1044): Elementor\Controls_Stack->ini in C:\OSPanel\domains\polytechnew\wp-content\themes\unicamp\elementor\widgets\original\form.php on line 72

2024-01-09T09:14:57+00:00 CRITICAL Uncaught Error: Unsupported operand types in C:\OSPanel\domains\polytechnew\wp-content\themes\unicamp\elementor\widgets\original\form.php:72
Stack trace:
#0 C:\OSPanel\domains\polytechnew\wp-includes\class-wp-hook.php(326): Unicamp_Elementor\Modify_Widget_Form->section_form_fields()
#1 C:\OSPanel\domains\polytechnew\wp-includes\class-wp-hook.php(348): WP_Hook->apply_filters()
#2 C:\OSPanel\domains\polytechnew\wp-includes\plugin.php(517): WP_Hook->do_action()
#3 C:\OSPanel\domains\polytechnew\wp-content\plugins\elementor\includes\base\controls-stack.php(1662): do_action()
#4 C:\OSPanel\domains\polytechnew\wp-content\plugins\elementor-pro\modules\forms\widgets\form.php(578): Elementor\Controls_Stack->end_controls_section()
#5 C:\OSPanel\domains\polytechnew\wp-content\plugins\elementor\includes\base\controls-stack.php(2358): ElementorPro\Modules\Forms\Widgets\Form->register_controls()
#6 C:\OSPanel\domains\polytechnew\wp-content\plugins\elementor\includes\base\widget-base.php(1044): Elementor\Controls_Stack->ini in C:\OSPanel\domains\polytechnew\wp-content\themes\unicamp\elementor\widgets\original\form.php on line 72

2024-01-09T09:38:22+00:00 CRITICAL Uncaught Error: Unsupported operand types in C:\OSPanel\domains\polytechnew\wp-content\themes\unicamp\elementor\widgets\original\form.php:72
Stack trace:
#0 C:\OSPanel\domains\polytechnew\wp-includes\class-wp-hook.php(326): Unicamp_Elementor\Modify_Widget_Form->section_form_fields()
#1 C:\OSPanel\domains\polytechnew\wp-includes\class-wp-hook.php(348): WP_Hook->apply_filters()
#2 C:\OSPanel\domains\polytechnew\wp-includes\plugin.php(517): WP_Hook->do_action()
#3 C:\OSPanel\domains\polytechnew\wp-content\plugins\elementor\includes\base\controls-stack.php(1662): do_action()
#4 C:\OSPanel\domains\polytechnew\wp-content\plugins\elementor-pro\modules\forms\widgets\form.php(578): Elementor\Controls_Stack->end_controls_section()
#5 C:\OSPanel\domains\polytechnew\wp-content\plugins\elementor\includes\base\controls-stack.php(2358): ElementorPro\Modules\Forms\Widgets\Form->register_controls()
#6 C:\OSPanel\domains\polytechnew\wp-content\plugins\elementor\includes\base\widget-base.php(1044): Elementor\Controls_Stack->ini in C:\OSPanel\domains\polytechnew\wp-content\themes\unicamp\elementor\widgets\original\form.php on line 72

2024-01-09T09:38:25+00:00 CRITICAL Uncaught Error: Unsupported operand types in C:\OSPanel\domains\polytechnew\wp-content\themes\unicamp\elementor\widgets\original\form.php:72
Stack trace:
#0 C:\OSPanel\domains\polytechnew\wp-includes\class-wp-hook.php(326): Unicamp_Elementor\Modify_Widget_Form->section_form_fields()
#1 C:\OSPanel\domains\polytechnew\wp-includes\class-wp-hook.php(348): WP_Hook->apply_filters()
#2 C:\OSPanel\domains\polytechnew\wp-includes\plugin.php(517): WP_Hook->do_action()
#3 C:\OSPanel\domains\polytechnew\wp-content\plugins\elementor\includes\base\controls-stack.php(1662): do_action()
#4 C:\OSPanel\domains\polytechnew\wp-content\plugins\elementor-pro\modules\forms\widgets\form.php(578): Elementor\Controls_Stack->end_controls_section()
#5 C:\OSPanel\domains\polytechnew\wp-content\plugins\elementor\includes\base\controls-stack.php(2358): ElementorPro\Modules\Forms\Widgets\Form->register_controls()
#6 C:\OSPanel\domains\polytechnew\wp-content\plugins\elementor\includes\base\widget-base.php(1044): Elementor\Controls_Stack->ini in C:\OSPanel\domains\polytechnew\wp-content\themes\unicamp\elementor\widgets\original\form.php on line 72

2024-01-09T09:38:27+00:00 CRITICAL Uncaught Error: Unsupported operand types in C:\OSPanel\domains\polytechnew\wp-content\themes\unicamp\elementor\widgets\original\form.php:72
Stack trace:
#0 C:\OSPanel\domains\polytechnew\wp-includes\class-wp-hook.php(326): Unicamp_Elementor\Modify_Widget_Form->section_form_fields()
#1 C:\OSPanel\domains\polytechnew\wp-includes\class-wp-hook.php(348): WP_Hook->apply_filters()
#2 C:\OSPanel\domains\polytechnew\wp-includes\plugin.php(517): WP_Hook->do_action()
#3 C:\OSPanel\domains\polytechnew\wp-content\plugins\elementor\includes\base\controls-stack.php(1662): do_action()
#4 C:\OSPanel\domains\polytechnew\wp-content\plugins\elementor-pro\modules\forms\widgets\form.php(578): Elementor\Controls_Stack->end_controls_section()
#5 C:\OSPanel\domains\polytechnew\wp-content\plugins\elementor\includes\base\controls-stack.php(2358): ElementorPro\Modules\Forms\Widgets\Form->register_controls()
#6 C:\OSPanel\domains\polytechnew\wp-content\plugins\elementor\includes\base\widget-base.php(1044): Elementor\Controls_Stack->ini in C:\OSPanel\domains\polytechnew\wp-content\themes\unicamp\elementor\widgets\original\form.php on line 72

2024-01-09T09:38:30+00:00 CRITICAL Uncaught Error: Unsupported operand types in C:\OSPanel\domains\polytechnew\wp-content\themes\unicamp\elementor\widgets\original\form.php:72
Stack trace:
#0 C:\OSPanel\domains\polytechnew\wp-includes\class-wp-hook.php(326): Unicamp_Elementor\Modify_Widget_Form->section_form_fields()
#1 C:\OSPanel\domains\polytechnew\wp-includes\class-wp-hook.php(348): WP_Hook->apply_filters()
#2 C:\OSPanel\domains\polytechnew\wp-includes\plugin.php(517): WP_Hook->do_action()
#3 C:\OSPanel\domains\polytechnew\wp-content\plugins\elementor\includes\base\controls-stack.php(1662): do_action()
#4 C:\OSPanel\domains\polytechnew\wp-content\plugins\elementor-pro\modules\forms\widgets\form.php(578): Elementor\Controls_Stack->end_controls_section()
#5 C:\OSPanel\domains\polytechnew\wp-content\plugins\elementor\includes\base\controls-stack.php(2358): ElementorPro\Modules\Forms\Widgets\Form->register_controls()
#6 C:\OSPanel\domains\polytechnew\wp-content\plugins\elementor\includes\base\widget-base.php(1044): Elementor\Controls_Stack->ini in C:\OSPanel\domains\polytechnew\wp-content\themes\unicamp\elementor\widgets\original\form.php on line 72

2024-01-09T09:38:42+00:00 CRITICAL Uncaught Error: Unsupported operand types in C:\OSPanel\domains\polytechnew\wp-content\themes\unicamp\elementor\widgets\original\form.php:72
Stack trace:
#0 C:\OSPanel\domains\polytechnew\wp-includes\class-wp-hook.php(326): Unicamp_Elementor\Modify_Widget_Form->section_form_fields()
#1 C:\OSPanel\domains\polytechnew\wp-includes\class-wp-hook.php(348): WP_Hook->apply_filters()
#2 C:\OSPanel\domains\polytechnew\wp-includes\plugin.php(517): WP_Hook->do_action()
#3 C:\OSPanel\domains\polytechnew\wp-content\plugins\elementor\includes\base\controls-stack.php(1662): do_action()
#4 C:\OSPanel\domains\polytechnew\wp-content\plugins\elementor-pro\modules\forms\widgets\form.php(578): Elementor\Controls_Stack->end_controls_section()
#5 C:\OSPanel\domains\polytechnew\wp-content\plugins\elementor\includes\base\controls-stack.php(2358): ElementorPro\Modules\Forms\Widgets\Form->register_controls()
#6 C:\OSPanel\domains\polytechnew\wp-content\plugins\elementor\includes\base\widget-base.php(1044): Elementor\Controls_Stack->ini in C:\OSPanel\domains\polytechnew\wp-content\themes\unicamp\elementor\widgets\original\form.php on line 72

2024-01-09T09:38:42+00:00 CRITICAL Uncaught Error: Unsupported operand types in C:\OSPanel\domains\polytechnew\wp-content\themes\unicamp\elementor\widgets\original\form.php:72
Stack trace:
#0 C:\OSPanel\domains\polytechnew\wp-includes\class-wp-hook.php(326): Unicamp_Elementor\Modify_Widget_Form->section_form_fields()
#1 C:\OSPanel\domains\polytechnew\wp-includes\class-wp-hook.php(348): WP_Hook->apply_filters()
#2 C:\OSPanel\domains\polytechnew\wp-includes\plugin.php(517): WP_Hook->do_action()
#3 C:\OSPanel\domains\polytechnew\wp-content\plugins\elementor\includes\base\controls-stack.php(1662): do_action()
#4 C:\OSPanel\domains\polytechnew\wp-content\plugins\elementor-pro\modules\forms\widgets\form.php(578): Elementor\Controls_Stack->end_controls_section()
#5 C:\OSPanel\domains\polytechnew\wp-content\plugins\elementor\includes\base\controls-stack.php(2358): ElementorPro\Modules\Forms\Widgets\Form->register_controls()
#6 C:\OSPanel\domains\polytechnew\wp-content\plugins\elementor\includes\base\widget-base.php(1044): Elementor\Controls_Stack->ini in C:\OSPanel\domains\polytechnew\wp-content\themes\unicamp\elementor\widgets\original\form.php on line 72

2024-01-09T09:38:42+00:00 CRITICAL Uncaught Error: Unsupported operand types in C:\OSPanel\domains\polytechnew\wp-content\themes\unicamp\elementor\widgets\original\form.php:72
Stack trace:
#0 C:\OSPanel\domains\polytechnew\wp-includes\class-wp-hook.php(326): Unicamp_Elementor\Modify_Widget_Form->section_form_fields()
#1 C:\OSPanel\domains\polytechnew\wp-includes\class-wp-hook.php(348): WP_Hook->apply_filters()
#2 C:\OSPanel\domains\polytechnew\wp-includes\plugin.php(517): WP_Hook->do_action()
#3 C:\OSPanel\domains\polytechnew\wp-content\plugins\elementor\includes\base\controls-stack.php(1662): do_action()
#4 C:\OSPanel\domains\polytechnew\wp-content\plugins\elementor-pro\modules\forms\widgets\form.php(578): Elementor\Controls_Stack->end_controls_section()
#5 C:\OSPanel\domains\polytechnew\wp-content\plugins\elementor\includes\base\controls-stack.php(2358): ElementorPro\Modules\Forms\Widgets\Form->register_controls()
#6 C:\OSPanel\domains\polytechnew\wp-content\plugins\elementor\includes\base\widget-base.php(1044): Elementor\Controls_Stack->ini in C:\OSPanel\domains\polytechnew\wp-content\themes\unicamp\elementor\widgets\original\form.php on line 72

2024-01-09T09:38:47+00:00 CRITICAL Uncaught Error: Unsupported operand types in C:\OSPanel\domains\polytechnew\wp-content\themes\unicamp\elementor\widgets\original\form.php:72
Stack trace:
#0 C:\OSPanel\domains\polytechnew\wp-includes\class-wp-hook.php(326): Unicamp_Elementor\Modify_Widget_Form->section_form_fields()
#1 C:\OSPanel\domains\polytechnew\wp-includes\class-wp-hook.php(348): WP_Hook->apply_filters()
#2 C:\OSPanel\domains\polytechnew\wp-includes\plugin.php(517): WP_Hook->do_action()
#3 C:\OSPanel\domains\polytechnew\wp-content\plugins\elementor\includes\base\controls-stack.php(1662): do_action()
#4 C:\OSPanel\domains\polytechnew\wp-content\plugins\elementor-pro\modules\forms\widgets\form.php(578): Elementor\Controls_Stack->end_controls_section()
#5 C:\OSPanel\domains\polytechnew\wp-content\plugins\elementor\includes\base\controls-stack.php(2358): ElementorPro\Modules\Forms\Widgets\Form->register_controls()
#6 C:\OSPanel\domains\polytechnew\wp-content\plugins\elementor\includes\base\widget-base.php(1044): Elementor\Controls_Stack->ini in C:\OSPanel\domains\polytechnew\wp-content\themes\unicamp\elementor\widgets\original\form.php on line 72

2024-01-09T09:44:21+00:00 CRITICAL Uncaught Error: Unsupported operand types in C:\OSPanel\domains\polytechnew\wp-content\themes\unicamp\elementor\widgets\original\form.php:72
Stack trace:
#0 C:\OSPanel\domains\polytechnew\wp-includes\class-wp-hook.php(326): Unicamp_Elementor\Modify_Widget_Form->section_form_fields()
#1 C:\OSPanel\domains\polytechnew\wp-includes\class-wp-hook.php(348): WP_Hook->apply_filters()
#2 C:\OSPanel\domains\polytechnew\wp-includes\plugin.php(517): WP_Hook->do_action()
#3 C:\OSPanel\domains\polytechnew\wp-content\plugins\elementor\includes\base\controls-stack.php(1662): do_action()
#4 C:\OSPanel\domains\polytechnew\wp-content\plugins\elementor-pro\modules\forms\widgets\form.php(578): Elementor\Controls_Stack->end_controls_section()
#5 C:\OSPanel\domains\polytechnew\wp-content\plugins\elementor\includes\base\controls-stack.php(2358): ElementorPro\Modules\Forms\Widgets\Form->register_controls()
#6 C:\OSPanel\domains\polytechnew\wp-content\plugins\elementor\includes\base\widget-base.php(1044): Elementor\Controls_Stack->ini in C:\OSPanel\domains\polytechnew\wp-content\themes\unicamp\elementor\widgets\original\form.php on line 72

2024-01-09T09:51:50+00:00 CRITICAL Uncaught Error: Unsupported operand types in C:\OSPanel\domains\polytechnew\wp-content\themes\unicamp\elementor\widgets\original\form.php:72
Stack trace:
#0 C:\OSPanel\domains\polytechnew\wp-includes\class-wp-hook.php(326): Unicamp_Elementor\Modify_Widget_Form->section_form_fields()
#1 C:\OSPanel\domains\polytechnew\wp-includes\class-wp-hook.php(348): WP_Hook->apply_filters()
#2 C:\OSPanel\domains\polytechnew\wp-includes\plugin.php(517): WP_Hook->do_action()
#3 C:\OSPanel\domains\polytechnew\wp-content\plugins\elementor\includes\base\controls-stack.php(1662): do_action()
#4 C:\OSPanel\domains\polytechnew\wp-content\plugins\elementor-pro\modules\forms\widgets\form.php(578): Elementor\Controls_Stack->end_controls_section()
#5 C:\OSPanel\domains\polytechnew\wp-content\plugins\elementor\includes\base\controls-stack.php(2358): ElementorPro\Modules\Forms\Widgets\Form->register_controls()
#6 C:\OSPanel\domains\polytechnew\wp-content\plugins\elementor\includes\base\widget-base.php(1044): Elementor\Controls_Stack->ini in C:\OSPanel\domains\polytechnew\wp-content\themes\unicamp\elementor\widgets\original\form.php on line 72

2024-01-09T09:51:52+00:00 CRITICAL Uncaught Error: Unsupported operand types in C:\OSPanel\domains\polytechnew\wp-content\themes\unicamp\elementor\widgets\original\form.php:72
Stack trace:
#0 C:\OSPanel\domains\polytechnew\wp-includes\class-wp-hook.php(326): Unicamp_Elementor\Modify_Widget_Form->section_form_fields()
#1 C:\OSPanel\domains\polytechnew\wp-includes\class-wp-hook.php(348): WP_Hook->apply_filters()
#2 C:\OSPanel\domains\polytechnew\wp-includes\plugin.php(517): WP_Hook->do_action()
#3 C:\OSPanel\domains\polytechnew\wp-content\plugins\elementor\includes\base\controls-stack.php(1662): do_action()
#4 C:\OSPanel\domains\polytechnew\wp-content\plugins\elementor-pro\modules\forms\widgets\form.php(578): Elementor\Controls_Stack->end_controls_section()
#5 C:\OSPanel\domains\polytechnew\wp-content\plugins\elementor\includes\base\controls-stack.php(2358): ElementorPro\Modules\Forms\Widgets\Form->register_controls()
#6 C:\OSPanel\domains\polytechnew\wp-content\plugins\elementor\includes\base\widget-base.php(1044): Elementor\Controls_Stack->ini in C:\OSPanel\domains\polytechnew\wp-content\themes\unicamp\elementor\widgets\original\form.php on line 72

2024-01-09T09:52:09+00:00 CRITICAL Uncaught Error: Unsupported operand types in C:\OSPanel\domains\polytechnew\wp-content\themes\unicamp\elementor\widgets\original\form.php:72
Stack trace:
#0 C:\OSPanel\domains\polytechnew\wp-includes\class-wp-hook.php(326): Unicamp_Elementor\Modify_Widget_Form->section_form_fields()
#1 C:\OSPanel\domains\polytechnew\wp-includes\class-wp-hook.php(348): WP_Hook->apply_filters()
#2 C:\OSPanel\domains\polytechnew\wp-includes\plugin.php(517): WP_Hook->do_action()
#3 C:\OSPanel\domains\polytechnew\wp-content\plugins\elementor\includes\base\controls-stack.php(1662): do_action()
#4 C:\OSPanel\domains\polytechnew\wp-content\plugins\elementor-pro\modules\forms\widgets\form.php(578): Elementor\Controls_Stack->end_controls_section()
#5 C:\OSPanel\domains\polytechnew\wp-content\plugins\elementor\includes\base\controls-stack.php(2358): ElementorPro\Modules\Forms\Widgets\Form->register_controls()
#6 C:\OSPanel\domains\polytechnew\wp-content\plugins\elementor\includes\base\widget-base.php(1044): Elementor\Controls_Stack->ini in C:\OSPanel\domains\polytechnew\wp-content\themes\unicamp\elementor\widgets\original\form.php on line 72

2024-01-09T09:52:11+00:00 CRITICAL Uncaught Error: Unsupported operand types in C:\OSPanel\domains\polytechnew\wp-content\themes\unicamp\elementor\widgets\original\form.php:72
Stack trace:
#0 C:\OSPanel\domains\polytechnew\wp-includes\class-wp-hook.php(326): Unicamp_Elementor\Modify_Widget_Form->section_form_fields()
#1 C:\OSPanel\domains\polytechnew\wp-includes\class-wp-hook.php(348): WP_Hook->apply_filters()
#2 C:\OSPanel\domains\polytechnew\wp-includes\plugin.php(517): WP_Hook->do_action()
#3 C:\OSPanel\domains\polytechnew\wp-content\plugins\elementor\includes\base\controls-stack.php(1662): do_action()
#4 C:\OSPanel\domains\polytechnew\wp-content\plugins\elementor-pro\modules\forms\widgets\form.php(578): Elementor\Controls_Stack->end_controls_section()
#5 C:\OSPanel\domains\polytechnew\wp-content\plugins\elementor\includes\base\controls-stack.php(2358): ElementorPro\Modules\Forms\Widgets\Form->register_controls()
#6 C:\OSPanel\domains\polytechnew\wp-content\plugins\elementor\includes\base\widget-base.php(1044): Elementor\Controls_Stack->ini in C:\OSPanel\domains\polytechnew\wp-content\themes\unicamp\elementor\widgets\original\form.php on line 72

2024-01-09T09:52:15+00:00 CRITICAL Uncaught Error: Unsupported operand types in C:\OSPanel\domains\polytechnew\wp-content\themes\unicamp\elementor\widgets\original\form.php:72
Stack trace:
#0 C:\OSPanel\domains\polytechnew\wp-includes\class-wp-hook.php(326): Unicamp_Elementor\Modify_Widget_Form->section_form_fields()
#1 C:\OSPanel\domains\polytechnew\wp-includes\class-wp-hook.php(348): WP_Hook->apply_filters()
#2 C:\OSPanel\domains\polytechnew\wp-includes\plugin.php(517): WP_Hook->do_action()
#3 C:\OSPanel\domains\polytechnew\wp-content\plugins\elementor\includes\base\controls-stack.php(1662): do_action()
#4 C:\OSPanel\domains\polytechnew\wp-content\plugins\elementor-pro\modules\forms\widgets\form.php(578): Elementor\Controls_Stack->end_controls_section()
#5 C:\OSPanel\domains\polytechnew\wp-content\plugins\elementor\includes\base\controls-stack.php(2358): ElementorPro\Modules\Forms\Widgets\Form->register_controls()
#6 C:\OSPanel\domains\polytechnew\wp-content\plugins\elementor\includes\base\widget-base.php(1044): Elementor\Controls_Stack->ini in C:\OSPanel\domains\polytechnew\wp-content\themes\unicamp\elementor\widgets\original\form.php on line 72

2024-01-09T09:52:53+00:00 CRITICAL Uncaught Error: Unsupported operand types in C:\OSPanel\domains\polytechnew\wp-content\themes\unicamp\elementor\widgets\original\form.php:72
Stack trace:
#0 C:\OSPanel\domains\polytechnew\wp-includes\class-wp-hook.php(326): Unicamp_Elementor\Modify_Widget_Form->section_form_fields()
#1 C:\OSPanel\domains\polytechnew\wp-includes\class-wp-hook.php(348): WP_Hook->apply_filters()
#2 C:\OSPanel\domains\polytechnew\wp-includes\plugin.php(517): WP_Hook->do_action()
#3 C:\OSPanel\domains\polytechnew\wp-content\plugins\elementor\includes\base\controls-stack.php(1662): do_action()
#4 C:\OSPanel\domains\polytechnew\wp-content\plugins\elementor-pro\modules\forms\widgets\form.php(578): Elementor\Controls_Stack->end_controls_section()
#5 C:\OSPanel\domains\polytechnew\wp-content\plugins\elementor\includes\base\controls-stack.php(2358): ElementorPro\Modules\Forms\Widgets\Form->register_controls()
#6 C:\OSPanel\domains\polytechnew\wp-content\plugins\elementor\includes\base\widget-base.php(1044): Elementor\Controls_Stack->ini in C:\OSPanel\domains\polytechnew\wp-content\themes\unicamp\elementor\widgets\original\form.php on line 72

2024-01-09T09:53:06+00:00 CRITICAL Uncaught Error: Unsupported operand types in C:\OSPanel\domains\polytechnew\wp-content\themes\unicamp\elementor\widgets\original\form.php:72
Stack trace:
#0 C:\OSPanel\domains\polytechnew\wp-includes\class-wp-hook.php(326): Unicamp_Elementor\Modify_Widget_Form->section_form_fields()
#1 C:\OSPanel\domains\polytechnew\wp-includes\class-wp-hook.php(348): WP_Hook->apply_filters()
#2 C:\OSPanel\domains\polytechnew\wp-includes\plugin.php(517): WP_Hook->do_action()
#3 C:\OSPanel\domains\polytechnew\wp-content\plugins\elementor\includes\base\controls-stack.php(1662): do_action()
#4 C:\OSPanel\domains\polytechnew\wp-content\plugins\elementor-pro\modules\forms\widgets\form.php(578): Elementor\Controls_Stack->end_controls_section()
#5 C:\OSPanel\domains\polytechnew\wp-content\plugins\elementor\includes\base\controls-stack.php(2358): ElementorPro\Modules\Forms\Widgets\Form->register_controls()
#6 C:\OSPanel\domains\polytechnew\wp-content\plugins\elementor\includes\base\widget-base.php(1044): Elementor\Controls_Stack->ini in C:\OSPanel\domains\polytechnew\wp-content\themes\unicamp\elementor\widgets\original\form.php on line 72

2024-01-09T09:53:18+00:00 CRITICAL Uncaught Error: Unsupported operand types in C:\OSPanel\domains\polytechnew\wp-content\themes\unicamp\elementor\widgets\original\form.php:72
Stack trace:
#0 C:\OSPanel\domains\polytechnew\wp-includes\class-wp-hook.php(326): Unicamp_Elementor\Modify_Widget_Form->section_form_fields()
#1 C:\OSPanel\domains\polytechnew\wp-includes\class-wp-hook.php(348): WP_Hook->apply_filters()
#2 C:\OSPanel\domains\polytechnew\wp-includes\plugin.php(517): WP_Hook->do_action()
#3 C:\OSPanel\domains\polytechnew\wp-content\plugins\elementor\includes\base\controls-stack.php(1662): do_action()
#4 C:\OSPanel\domains\polytechnew\wp-content\plugins\elementor-pro\modules\forms\widgets\form.php(578): Elementor\Controls_Stack->end_controls_section()
#5 C:\OSPanel\domains\polytechnew\wp-content\plugins\elementor\includes\base\controls-stack.php(2358): ElementorPro\Modules\Forms\Widgets\Form->register_controls()
#6 C:\OSPanel\domains\polytechnew\wp-content\plugins\elementor\includes\base\widget-base.php(1044): Elementor\Controls_Stack->ini in C:\OSPanel\domains\polytechnew\wp-content\themes\unicamp\elementor\widgets\original\form.php on line 72

2024-01-09T09:53:52+00:00 CRITICAL Uncaught Error: Unsupported operand types in C:\OSPanel\domains\polytechnew\wp-content\themes\unicamp\elementor\widgets\original\form.php:72
Stack trace:
#0 C:\OSPanel\domains\polytechnew\wp-includes\class-wp-hook.php(326): Unicamp_Elementor\Modify_Widget_Form->section_form_fields()
#1 C:\OSPanel\domains\polytechnew\wp-includes\class-wp-hook.php(348): WP_Hook->apply_filters()
#2 C:\OSPanel\domains\polytechnew\wp-includes\plugin.php(517): WP_Hook->do_action()
#3 C:\OSPanel\domains\polytechnew\wp-content\plugins\elementor\includes\base\controls-stack.php(1662): do_action()
#4 C:\OSPanel\domains\polytechnew\wp-content\plugins\elementor-pro\modules\forms\widgets\form.php(578): Elementor\Controls_Stack->end_controls_section()
#5 C:\OSPanel\domains\polytechnew\wp-content\plugins\elementor\includes\base\controls-stack.php(2358): ElementorPro\Modules\Forms\Widgets\Form->register_controls()
#6 C:\OSPanel\domains\polytechnew\wp-content\plugins\elementor\includes\base\widget-base.php(1044): Elementor\Controls_Stack->ini in C:\OSPanel\domains\polytechnew\wp-content\themes\unicamp\elementor\widgets\original\form.php on line 72

2024-01-09T09:53:54+00:00 CRITICAL Uncaught Error: Unsupported operand types in C:\OSPanel\domains\polytechnew\wp-content\themes\unicamp\elementor\widgets\original\form.php:72
Stack trace:
#0 C:\OSPanel\domains\polytechnew\wp-includes\class-wp-hook.php(326): Unicamp_Elementor\Modify_Widget_Form->section_form_fields()
#1 C:\OSPanel\domains\polytechnew\wp-includes\class-wp-hook.php(348): WP_Hook->apply_filters()
#2 C:\OSPanel\domains\polytechnew\wp-includes\plugin.php(517): WP_Hook->do_action()
#3 C:\OSPanel\domains\polytechnew\wp-content\plugins\elementor\includes\base\controls-stack.php(1662): do_action()
#4 C:\OSPanel\domains\polytechnew\wp-content\plugins\elementor-pro\modules\forms\widgets\form.php(578): Elementor\Controls_Stack->end_controls_section()
#5 C:\OSPanel\domains\polytechnew\wp-content\plugins\elementor\includes\base\controls-stack.php(2358): ElementorPro\Modules\Forms\Widgets\Form->register_controls()
#6 C:\OSPanel\domains\polytechnew\wp-content\plugins\elementor\includes\base\widget-base.php(1044): Elementor\Controls_Stack->ini in C:\OSPanel\domains\polytechnew\wp-content\themes\unicamp\elementor\widgets\original\form.php on line 72

2024-01-09T09:54:13+00:00 CRITICAL Uncaught Error: Unsupported operand types in C:\OSPanel\domains\polytechnew\wp-content\themes\unicamp\elementor\widgets\original\form.php:72
Stack trace:
#0 C:\OSPanel\domains\polytechnew\wp-includes\class-wp-hook.php(326): Unicamp_Elementor\Modify_Widget_Form->section_form_fields()
#1 C:\OSPanel\domains\polytechnew\wp-includes\class-wp-hook.php(348): WP_Hook->apply_filters()
#2 C:\OSPanel\domains\polytechnew\wp-includes\plugin.php(517): WP_Hook->do_action()
#3 C:\OSPanel\domains\polytechnew\wp-content\plugins\elementor\includes\base\controls-stack.php(1662): do_action()
#4 C:\OSPanel\domains\polytechnew\wp-content\plugins\elementor-pro\modules\forms\widgets\form.php(578): Elementor\Controls_Stack->end_controls_section()
#5 C:\OSPanel\domains\polytechnew\wp-content\plugins\elementor\includes\base\controls-stack.php(2358): ElementorPro\Modules\Forms\Widgets\Form->register_controls()
#6 C:\OSPanel\domains\polytechnew\wp-content\plugins\elementor\includes\base\widget-base.php(1044): Elementor\Controls_Stack->ini in C:\OSPanel\domains\polytechnew\wp-content\themes\unicamp\elementor\widgets\original\form.php on line 72

